<?xml version="1.0" encoding="UTF-8"?>
<!-- Generated by org.testng.reporters.JUnitReportReporter -->
<testsuite hostname="LAPTOP-EJ0A88JD" failures="0" tests="2" name="libraryAPI.CRUDlibrary" time="3.686" errors="0" timestamp="2022-01-18T18:57:43 IST" skipped="0">
  <testcase classname="libraryAPI.CRUDlibrary" name="addLibrary" time="3.410"/>
  <system-out/>
  <testcase classname="libraryAPI.CRUDlibrary" name="addLibrary" time="0.276"/>
  <system-out/>
</testsuite> <!-- libraryAPI.CRUDlibrary -->
