<?xml version="1.0" encoding="UTF-8"?>
<!-- Generated by org.testng.reporters.JUnitReportReporter -->
<testsuite hostname="LAPTOP-EJ0A88JD" failures="0" tests="1" name="JIRAAPI.E2E" time="4.136" errors="0" timestamp="2022-01-23T16:17:20 IST" skipped="0">
  <testcase classname="JIRAAPI.E2E" name="JiraAutomate" time="4.136"/>
  <system-out/>
</testsuite> <!-- JIRAAPI.E2E -->
