<?xml version="1.0" encoding="UTF-8"?>
<!-- Generated by org.testng.reporters.JUnitReportReporter -->
<testsuite hostname="LAPTOP-EJ0A88JD" failures="0" tests="1" name="googleAPI.SerialisationInput" time="4.371" errors="0" timestamp="2022-01-27T16:54:28 IST" skipped="0">
  <testcase classname="googleAPI.SerialisationInput" name="addplace" time="4.371"/>
  <system-out/>
</testsuite> <!-- googleAPI.SerialisationInput -->
