<?xml version="1.0" encoding="UTF-8"?>
<!-- Generated by org.testng.reporters.JUnitReportReporter -->
<testsuite hostname="LAPTOP-EJ0A88JD" failures="0" tests="1" name="googleAPI.SpecBuilderExample" time="4.359" errors="0" timestamp="2022-01-28T12:37:27 IST" skipped="0">
  <testcase classname="googleAPI.SpecBuilderExample" name="addplace" time="4.359"/>
  <system-out/>
</testsuite> <!-- googleAPI.SpecBuilderExample -->
