<?xml version="1.0" encoding="UTF-8"?>
<!-- Generated by org.testng.reporters.JUnitReportReporter -->
<testsuite hostname="LAPTOP-EJ0A88JD" failures="0" tests="1" name="Ouath2" time="63.345" errors="0" timestamp="2022-01-26T10:42:56 IST" skipped="0">
  <testcase classname="Ouath2" name="oAuthLogin" time="63.345"/>
  <system-out/>
</testsuite> <!-- Ouath2 -->
